00:00:00.000641 main     VirtualBox XPCOM Server 6.1.38_Ubuntu r153438 linux.amd64 (Sep  7 2022 11:18:57) release log
00:00:00.000643 main     Log opened 2023-08-30T16:00:36.803841000Z
00:00:00.000644 main     Build Type: release
00:00:00.000646 main     OS Product: Linux
00:00:00.000646 main     OS Release: 5.10.16.3-microsoft-standard-WSL2
00:00:00.000647 main     OS Version: #1 SMP Fri Apr 2 22:23:49 UTC 2021
00:00:00.000669 main     Firmware type: BIOS
00:00:00.000699 main     Host RAM: 7652MB (7.4GB) total, 7243MB (7.0GB) available
00:00:00.000700 main     Executable: /usr/lib/virtualbox/VBoxSVC
00:00:00.000701 main     Process ID: 6139
00:00:00.000701 main     Package type: LINUX_64BITS_GENERIC (OSE)
00:00:00.001718 main     IPC socket path: /tmp/.vbox-jjavillo-ipc/ipcd
00:00:00.105844 nspr-2   VirtualBox: object creation starts
00:00:00.106177 nspr-2   Home directory: '/home/jjavillo/.config/VirtualBox'
00:00:00.120957 nspr-2   NetIfAdpCtlOut: VBoxNetAdpCtl: Error while retrieving link status for dummy0: VBoxNetAdpCtl: ioctl failed: Operation not supported
00:00:00.121810 nspr-2   HostDnsMonitor: initializing
00:00:00.121933 nspr-2   NAT: resolv.conf: nameserver 192.168.112.1
00:00:00.121942 nspr-2   HostDnsMonitor: updating information
00:00:00.121951 nspr-2   HostDnsMonitor: old information
00:00:00.121953 nspr-2     no server entries
00:00:00.121954 nspr-2     no domain set
00:00:00.121955 nspr-2     no search string entries
00:00:00.121957 nspr-2   HostDnsMonitor: new information
00:00:00.121958 nspr-2     server 1: 192.168.112.1
00:00:00.121959 nspr-2     no domain set
00:00:00.121960 nspr-2     no search string entries
00:00:00.122639 nspr-2   HostPowerServiceLinux: DBus connection Error (Failed to connect to socket /var/run/dbus/system_bus_socket: No such file or directory)
00:00:00.122660 nspr-2   Failed to open "/dev/vboxdrvu", errno=2, rc=VERR_VM_DRIVER_NOT_INSTALLED
00:00:00.124948 nspr-2   VD: VDInit finished with VINF_SUCCESS
00:00:00.125457 nspr-2   ERROR [COM]: aRC=NS_ERROR_FAILURE (0x80004005) aIID={027bc463-929c-40e8-bf16-fea557cd8e7e} aComponent={SystemPropertiesWrap} aText={Cannot determine default Guest Additions ISO location. Most likely they are not available}, preserve=false aResultDetail=0
00:00:00.126110 nspr-2   VirtualBox: object created
00:01:46.894468 nspr-3   Saving settings file "/home/jjavillo/.config/VirtualBox/VirtualBox.xml" with version "1.12-linux"
00:01:46.903374 nspr-3   Saving settings file "/home/jjavillo/.config/VirtualBox/VirtualBox.xml" with version "1.12-linux"
00:01:46.912113 nspr-3   Saving settings file "/home/jjavillo/.config/VirtualBox/VirtualBox.xml" with version "1.12-linux"
00:01:46.927612 nspr-2   Saving settings file "/home/jjavillo/.config/VirtualBox/VirtualBox.xml" with version "1.12-linux"
00:01:46.936246 nspr-3   Saving settings file "/home/jjavillo/.config/VirtualBox/VirtualBox.xml" with version "1.12-linux"
00:01:46.944648 nspr-3   Saving settings file "/home/jjavillo/.config/VirtualBox/VirtualBox.xml" with version "1.12-linux"
00:01:46.952992 nspr-2   Saving settings file "/home/jjavillo/.config/VirtualBox/VirtualBox.xml" with version "1.12-linux"
00:01:52.468271 main     VirtualBox: object deletion starts
00:01:52.468476 main     HostDnsMonitor: shutting down ...
00:01:52.499941 main     HostDnsMonitor: shut down
00:01:52.499966 main     {00007f8228015d20} HostPowerServiceLinux::~HostPowerServiceLinux: RTThreadWait() for 5000 ms failed with VERR_INVALID_HANDLE
00:01:52.500242 Watcher  ERROR [COM]: aRC=E_ACCESSDENIED (0x80070005) aIID={d0a0163f-e254-4e5b-a1f2-011cf991c38d} aComponent={VirtualBoxWrap} aText={The object is not ready}, preserve=false aResultDetail=0
00:01:52.500312 main     VirtualBox: object deleted
